[debug] [2020-08-16T21:17:18.541Z] ----------------------------------------------------------------------
[debug] [2020-08-16T21:17:18.543Z] Command:       C:\Program Files\nodejs\node.exe C:\Users\dougl\AppData\Roaming\npm\node_modules\firebase-tools\lib\bin\firebase.js deploy --only functions:onBuildingUpdated
[debug] [2020-08-16T21:17:18.544Z] CLI Version:   8.7.0
[debug] [2020-08-16T21:17:18.544Z] Platform:      win32
[debug] [2020-08-16T21:17:18.544Z] Node Version:  v14.7.0
[debug] [2020-08-16T21:17:18.544Z] Time:          Sun Aug 16 2020 14:17:18 GMT-0700 (Pacific Daylight Time)
[debug] [2020-08-16T21:17:18.545Z] ----------------------------------------------------------------------
[debug] [2020-08-16T21:17:18.545Z] 
[debug] [2020-08-16T21:17:18.553Z] > command requires scopes: ["email","openid","https://www.googleapis.com/auth/cloudplatformprojects.readonly","https://www.googleapis.com/auth/firebase","https://www.googleapis.com/auth/cloud-platform"]
[debug] [2020-08-16T21:17:18.553Z] > authorizing via signed-in user
[debug] [2020-08-16T21:17:18.553Z] [iam] checking project goprestigepower for permissions ["cloudfunctions.functions.create","cloudfunctions.functions.delete","cloudfunctions.functions.get","cloudfunctions.functions.list","cloudfunctions.functions.update","cloudfunctions.operations.get","firebase.projects.get"]
[debug] [2020-08-16T21:17:18.556Z] > refreshing access token with scopes: ["email","https://www.googleapis.com/auth/cloud-platform","https://www.googleapis.com/auth/cloudplatformprojects.readonly","https://www.googleapis.com/auth/firebase","openid"]
[debug] [2020-08-16T21:17:18.556Z] >>> HTTP REQUEST POST https://www.googleapis.com/oauth2/v3/token  
 <request body omitted>
[debug] [2020-08-16T21:17:18.754Z] <<< HTTP RESPONSE 200 {"content-type":"application/json; charset=utf-8","vary":"X-Origin, Referer, Origin,Accept-Encoding","date":"Sun, 16 Aug 2020 21:17:18 GMT","server":"scaffolding on HTTPServer2","cache-control":"private","x-xss-protection":"0","x-frame-options":"SAMEORIGIN","x-content-type-options":"nosniff","alt-svc":"h3-29=\":443\"; ma=2592000,h3-27=\":443\"; ma=2592000,h3-T050=\":443\"; ma=2592000,h3-Q050=\":443\"; ma=2592000,h3-Q046=\":443\"; ma=2592000,h3-Q043=\":443\"; ma=2592000,quic=\":443\"; ma=2592000; v=\"46,43\"","accept-ranges":"none","transfer-encoding":"chunked"}
[debug] [2020-08-16T21:17:18.760Z] >>> HTTP REQUEST POST https://cloudresourcemanager.googleapis.com/v1/projects/goprestigepower:testIamPermissions  
 {"permissions":["cloudfunctions.functions.create","cloudfunctions.functions.delete","cloudfunctions.functions.get","cloudfunctions.functions.list","cloudfunctions.functions.update","cloudfunctions.operations.get","firebase.projects.get"]}
[debug] [2020-08-16T21:17:19.003Z] <<< HTTP RESPONSE 200 {"content-type":"application/json; charset=UTF-8","vary":"X-Origin, Referer, Origin,Accept-Encoding","date":"Sun, 16 Aug 2020 21:17:18 GMT","server":"ESF","cache-control":"private","x-xss-protection":"0","x-frame-options":"SAMEORIGIN","x-content-type-options":"nosniff","server-timing":"gfet4t7; dur=77","alt-svc":"h3-29=\":443\"; ma=2592000,h3-27=\":443\"; ma=2592000,h3-T050=\":443\"; ma=2592000,h3-Q050=\":443\"; ma=2592000,h3-Q046=\":443\"; ma=2592000,h3-Q043=\":443\"; ma=2592000,quic=\":443\"; ma=2592000; v=\"46,43\"","accept-ranges":"none","transfer-encoding":"chunked"}
[debug] [2020-08-16T21:17:19.004Z] >>> HTTP REQUEST POST https://iam.googleapis.com/v1/projects/goprestigepower/serviceAccounts/goprestigepower@appspot.gserviceaccount.com:testIamPermissions  
 {"permissions":["iam.serviceAccounts.actAs"]}
[debug] [2020-08-16T21:17:19.249Z] <<< HTTP RESPONSE 200 {"content-type":"application/json; charset=UTF-8","vary":"X-Origin, Referer, Origin,Accept-Encoding","date":"Sun, 16 Aug 2020 21:17:18 GMT","server":"ESF","cache-control":"private","x-xss-protection":"0","x-frame-options":"SAMEORIGIN","x-content-type-options":"nosniff","alt-svc":"h3-29=\":443\"; ma=2592000,h3-27=\":443\"; ma=2592000,h3-T050=\":443\"; ma=2592000,h3-Q050=\":443\"; ma=2592000,h3-Q046=\":443\"; ma=2592000,h3-Q043=\":443\"; ma=2592000,quic=\":443\"; ma=2592000; v=\"46,43\"","accept-ranges":"none","transfer-encoding":"chunked"}
[warn] !  functions: package.json indicates an outdated version of firebase-functions.
Please upgrade using npm install --save firebase-functions@latest in your functions directory. 
[info] 
[info] === Deploying to 'goprestigepower'...
[info] 
[info] i  deploying functions 
[info] Running command: npm --prefix "$RESOURCE_DIR" run lint
[info] Running command: npm --prefix "$RESOURCE_DIR" run build
[info] +  functions: Finished running predeploy script. 
[debug] [2020-08-16T21:17:30.253Z] > [functions] package.json contents: {
  "name": "functions",
  "scripts": {
    "lint": "tslint --project tsconfig.json",
    "build": "tsc",
    "serve": "npm run build && firebase emulators:start --only functions",
    "shell": "npm run build && firebase functions:shell",
    "start": "npm run shell",
    "deploy": "firebase deploy --only functions",
    "logs": "firebase functions:log"
  },
  "engines": {
    "node": "10"
  },
  "main": "lib/index.js",
  "dependencies": {
    "@types/nodemailer": "^6.4.0",
    "firebase-admin": "^8.10.0",
    "firebase-functions": "^3.6.1",
    "nodemailer": "^6.4.10"
  },
  "devDependencies": {
    "tslint": "^5.12.0",
    "typescript": "^3.8.0",
    "firebase-functions-test": "^0.2.0"
  },
  "private": true
}
[info] i  functions: ensuring required API cloudfunctions.googleapis.com is enabled... 
[info] i  functions: ensuring required API cloudbuild.googleapis.com is enabled... 
[debug] [2020-08-16T21:17:31.577Z] >>> HTTP REQUEST GET https://serviceusage.googleapis.com/v1/projects/goprestigepower/services/cloudfunctions.googleapis.com  
 
[debug] [2020-08-16T21:17:31.577Z] >>> HTTP REQUEST GET https://serviceusage.googleapis.com/v1/projects/goprestigepower/services/runtimeconfig.googleapis.com  
 
[debug] [2020-08-16T21:17:31.577Z] >>> HTTP REQUEST GET https://serviceusage.googleapis.com/v1/projects/goprestigepower/services/cloudbuild.googleapis.com  
 
[debug] [2020-08-16T21:17:31.894Z] <<< HTTP RESPONSE 200 {"content-type":"application/json; charset=UTF-8","vary":"X-Origin, Referer, Origin,Accept-Encoding","date":"Sun, 16 Aug 2020 21:17:31 GMT","server":"ESF","cache-control":"private","x-xss-protection":"0","x-frame-options":"SAMEORIGIN","x-content-type-options":"nosniff","alt-svc":"h3-29=\":443\"; ma=2592000,h3-27=\":443\"; ma=2592000,h3-T050=\":443\"; ma=2592000,h3-Q050=\":443\"; ma=2592000,h3-Q046=\":443\"; ma=2592000,h3-Q043=\":443\"; ma=2592000,quic=\":443\"; ma=2592000; v=\"46,43\"","accept-ranges":"none","transfer-encoding":"chunked"}
[debug] [2020-08-16T21:17:31.936Z] <<< HTTP RESPONSE 200 {"content-type":"application/json; charset=UTF-8","vary":"X-Origin, Referer, Origin,Accept-Encoding","date":"Sun, 16 Aug 2020 21:17:31 GMT","server":"ESF","cache-control":"private","x-xss-protection":"0","x-frame-options":"SAMEORIGIN","x-content-type-options":"nosniff","alt-svc":"h3-29=\":443\"; ma=2592000,h3-27=\":443\"; ma=2592000,h3-T050=\":443\"; ma=2592000,h3-Q050=\":443\"; ma=2592000,h3-Q046=\":443\"; ma=2592000,h3-Q043=\":443\"; ma=2592000,quic=\":443\"; ma=2592000; v=\"46,43\"","accept-ranges":"none","transfer-encoding":"chunked"}
[info] +  functions: required API cloudbuild.googleapis.com is enabled 
[debug] [2020-08-16T21:17:31.966Z] <<< HTTP RESPONSE 200 {"content-type":"application/json; charset=UTF-8","vary":"X-Origin, Referer, Origin,Accept-Encoding","date":"Sun, 16 Aug 2020 21:17:31 GMT","server":"ESF","cache-control":"private","x-xss-protection":"0","x-frame-options":"SAMEORIGIN","x-content-type-options":"nosniff","alt-svc":"h3-29=\":443\"; ma=2592000,h3-27=\":443\"; ma=2592000,h3-T050=\":443\"; ma=2592000,h3-Q050=\":443\"; ma=2592000,h3-Q046=\":443\"; ma=2592000,h3-Q043=\":443\"; ma=2592000,quic=\":443\"; ma=2592000; v=\"46,43\"","accept-ranges":"none","transfer-encoding":"chunked"}
[info] +  functions: required API cloudfunctions.googleapis.com is enabled 
[debug] [2020-08-16T21:17:31.967Z] >>> HTTP REQUEST GET https://firebase.googleapis.com/v1beta1/projects/goprestigepower/adminSdkConfig  
 
[debug] [2020-08-16T21:17:32.279Z] <<< HTTP RESPONSE 200 {"content-type":"application/json; charset=UTF-8","vary":"X-Origin, Referer, Origin,Accept-Encoding","date":"Sun, 16 Aug 2020 21:17:31 GMT","server":"ESF","cache-control":"private","x-xss-protection":"0","x-frame-options":"SAMEORIGIN","x-content-type-options":"nosniff","alt-svc":"h3-29=\":443\"; ma=2592000,h3-27=\":443\"; ma=2592000,h3-T050=\":443\"; ma=2592000,h3-Q050=\":443\"; ma=2592000,h3-Q046=\":443\"; ma=2592000,h3-Q043=\":443\"; ma=2592000,quic=\":443\"; ma=2592000; v=\"46,43\"","accept-ranges":"none","transfer-encoding":"chunked"}
[info] i  functions: preparing functions directory for uploading... 
[debug] [2020-08-16T21:17:32.280Z] >>> HTTP REQUEST GET https://runtimeconfig.googleapis.com/v1beta1/projects/goprestigepower/configs  
 
[debug] [2020-08-16T21:17:32.642Z] <<< HTTP RESPONSE 200 {"content-type":"application/json; charset=UTF-8","vary":"X-Origin, Referer, Origin,Accept-Encoding","date":"Sun, 16 Aug 2020 21:17:32 GMT","server":"ESF","cache-control":"private","x-xss-protection":"0","x-frame-options":"SAMEORIGIN","x-content-type-options":"nosniff","alt-svc":"h3-29=\":443\"; ma=2592000,h3-27=\":443\"; ma=2592000,h3-T050=\":443\"; ma=2592000,h3-Q050=\":443\"; ma=2592000,h3-Q046=\":443\"; ma=2592000,h3-Q043=\":443\"; ma=2592000,quic=\":443\"; ma=2592000; v=\"46,43\"","accept-ranges":"none","transfer-encoding":"chunked"}
[debug] [2020-08-16T21:17:32.644Z] >>> HTTP REQUEST GET https://runtimeconfig.googleapis.com/v1beta1/projects/goprestigepower/configs/email/variables  
 
[debug] [2020-08-16T21:17:32.915Z] <<< HTTP RESPONSE 200 {"content-type":"application/json; charset=UTF-8","vary":"X-Origin, Referer, Origin,Accept-Encoding","date":"Sun, 16 Aug 2020 21:17:32 GMT","server":"ESF","cache-control":"private","x-xss-protection":"0","x-frame-options":"SAMEORIGIN","x-content-type-options":"nosniff","alt-svc":"h3-29=\":443\"; ma=2592000,h3-27=\":443\"; ma=2592000,h3-T050=\":443\"; ma=2592000,h3-Q050=\":443\"; ma=2592000,h3-Q046=\":443\"; ma=2592000,h3-Q043=\":443\"; ma=2592000,quic=\":443\"; ma=2592000; v=\"46,43\"","accept-ranges":"none","transfer-encoding":"chunked"}
[debug] [2020-08-16T21:17:32.915Z] >>> HTTP REQUEST GET https://runtimeconfig.googleapis.com/v1beta1/projects/goprestigepower/configs/email/variables/user  
 
[debug] [2020-08-16T21:17:32.916Z] >>> HTTP REQUEST GET https://runtimeconfig.googleapis.com/v1beta1/projects/goprestigepower/configs/email/variables/password  
 
[debug] [2020-08-16T21:17:33.190Z] <<< HTTP RESPONSE 200 {"content-type":"application/json; charset=UTF-8","vary":"X-Origin, Referer, Origin,Accept-Encoding","date":"Sun, 16 Aug 2020 21:17:32 GMT","server":"ESF","cache-control":"private","x-xss-protection":"0","x-frame-options":"SAMEORIGIN","x-content-type-options":"nosniff","alt-svc":"h3-29=\":443\"; ma=2592000,h3-27=\":443\"; ma=2592000,h3-T050=\":443\"; ma=2592000,h3-Q050=\":443\"; ma=2592000,h3-Q046=\":443\"; ma=2592000,h3-Q043=\":443\"; ma=2592000,quic=\":443\"; ma=2592000; v=\"46,43\"","accept-ranges":"none","transfer-encoding":"chunked"}
[debug] [2020-08-16T21:17:33.441Z] <<< HTTP RESPONSE 200 {"content-type":"application/json; charset=UTF-8","vary":"X-Origin, Referer, Origin,Accept-Encoding","date":"Sun, 16 Aug 2020 21:17:33 GMT","server":"ESF","cache-control":"private","x-xss-protection":"0","x-frame-options":"SAMEORIGIN","x-content-type-options":"nosniff","alt-svc":"h3-29=\":443\"; ma=2592000,h3-27=\":443\"; ma=2592000,h3-T050=\":443\"; ma=2592000,h3-Q050=\":443\"; ma=2592000,h3-Q046=\":443\"; ma=2592000,h3-Q043=\":443\"; ma=2592000,quic=\":443\"; ma=2592000; v=\"46,43\"","accept-ranges":"none","transfer-encoding":"chunked"}
[info] i  functions: packaged functions (42.33 KB) for uploading 
[debug] [2020-08-16T21:17:33.662Z] >>> HTTP REQUEST GET https://cloudfunctions.googleapis.com/v1/projects/goprestigepower/locations/-/functions  
 
[debug] [2020-08-16T21:17:34.274Z] <<< HTTP RESPONSE 200 {"content-type":"application/json; charset=UTF-8","vary":"X-Origin, Referer, Origin,Accept-Encoding","date":"Sun, 16 Aug 2020 21:17:33 GMT","server":"ESF","cache-control":"private","x-xss-protection":"0","x-frame-options":"SAMEORIGIN","x-content-type-options":"nosniff","alt-svc":"h3-29=\":443\"; ma=2592000,h3-27=\":443\"; ma=2592000,h3-T050=\":443\"; ma=2592000,h3-Q050=\":443\"; ma=2592000,h3-Q046=\":443\"; ma=2592000,h3-Q043=\":443\"; ma=2592000,quic=\":443\"; ma=2592000; v=\"46,43\"","accept-ranges":"none","transfer-encoding":"chunked"}
[debug] [2020-08-16T21:17:34.276Z] >>> HTTP REQUEST POST https://cloudfunctions.googleapis.com/v1/projects/goprestigepower/locations/us-central1/functions:generateUploadUrl  
 
[debug] [2020-08-16T21:17:35.111Z] <<< HTTP RESPONSE 200 {"content-type":"application/json; charset=UTF-8","vary":"X-Origin, Referer, Origin,Accept-Encoding","date":"Sun, 16 Aug 2020 21:17:34 GMT","server":"ESF","cache-control":"private","x-xss-protection":"0","x-frame-options":"SAMEORIGIN","x-content-type-options":"nosniff","alt-svc":"h3-29=\":443\"; ma=2592000,h3-27=\":443\"; ma=2592000,h3-T050=\":443\"; ma=2592000,h3-Q050=\":443\"; ma=2592000,h3-Q046=\":443\"; ma=2592000,h3-Q043=\":443\"; ma=2592000,quic=\":443\"; ma=2592000; v=\"46,43\"","accept-ranges":"none","transfer-encoding":"chunked"}
[debug] [2020-08-16T21:17:35.111Z] >>> HTTP REQUEST PUT https://storage.googleapis.com/gcf-upload-us-central1-5c9fd048-6129-4260-80ce-fd1359532268/30962f49-4598-474b-bb40-e659df84aa91.zip?GoogleAccessId=service-406337781613@gcf-admin-robot.iam.gserviceaccount.com&Expires=1597614454&Signature=nOwAGmYpDQ2fgr2sXl2Qxkr8NsJPi5c%2F5F2Xc7RBzFksuSAjV2GOxMmq7532OACLsoku6QC1nvrlyShpVqd24aHh7Q45AeMcCGui8N5X%2FsEYa5XHwXmRm7VpWpPcHYmZsUN1YPQ0l6aeItNQJJNEqzhEd4YKsyAPB9sBAzHra8gLtg78pSCMmAhcNqhauirT98ODUT%2B8RsjGILsHz05GNnJMJGA0lfDu0c56dd2Sg1n3WsnKIxUMmHObRVYR2M%2F10s3EBB8%2F7l5AmNslaXuFa6T4hwNHYi%2FNPcUlcfJtcMtP7ELyQb9CvQvBSKEGhcqyxQKmN1c4LKPNVbE5E7DFmQ%3D%3D  
 <request body omitted>
[debug] [2020-08-16T21:17:35.568Z] <<< HTTP RESPONSE 200 {"x-guploader-uploadid":"AAANsUmoF9vzKNyIufrVJVkn3B7i0U0YIiHb8lNt-QuiI965KxEC8OSlCN0nXiDL_0r8g6i5fcPE4xiJc4_JQbCFF6A","etag":"\"7459251256334788feaa57fa8fac46b1\"","x-goog-generation":"1597612655115606","x-goog-metageneration":"1","x-goog-hash":"crc32c=BuLh/g==, md5=dFklElYzR4j+qlf6j6xGsQ==","x-goog-stored-content-length":"43350","x-goog-stored-content-encoding":"identity","vary":"Origin","content-length":"0","date":"Sun, 16 Aug 2020 21:17:35 GMT","server":"UploadServer","content-type":"text/html; charset=UTF-8","alt-svc":"h3-29=\":443\"; ma=2592000,h3-27=\":443\"; ma=2592000,h3-T050=\":443\"; ma=2592000,h3-Q050=\":443\"; ma=2592000,h3-Q046=\":443\"; ma=2592000,h3-Q043=\":443\"; ma=2592000,quic=\":443\"; ma=2592000; v=\"46,43\""}
[info] +  functions: functions folder uploaded successfully 
[debug] [2020-08-16T21:17:35.570Z] > [functions] filtering triggers to: [
  "projects/goprestigepower/locations/us-central1/functions/onBuildingUpdated"
]
[info] i  functions: current functions in project: onBuildingCreated(us-central1), onBuildingUpdated(us-central1), onMessageCreated(us-central1), onReferralCreated(us-central1), onUserCreated(us-central1), onUserUpdated(us-central1) 
[info] i  functions: uploading functions in project: onBuildingUpdated(us-central1) 
[info] i  functions: updating Node.js 10 function onBuildingUpdated(us-central1)... 
[debug] [2020-08-16T21:17:35.574Z] Trigger is:  {"eventTrigger":{"resource":"projects/goprestigepower/databases/(default)/documents/buildings/{buildingId}","eventType":"providers/cloud.firestore/eventTypes/document.update","service":"firestore.googleapis.com"}}
[debug] [2020-08-16T21:17:35.576Z] >>> HTTP REQUEST PATCH https://cloudfunctions.googleapis.com/v1/projects/goprestigepower/locations/us-central1/functions/onBuildingUpdated {"updateMask":"sourceUploadUrl,name,labels,runtime,environmentVariables,eventTrigger.resource,eventTrigger.eventType,eventTrigger.service"} 
 {"sourceUploadUrl":"https://storage.googleapis.com/gcf-upload-us-central1-5c9fd048-6129-4260-80ce-fd1359532268/30962f49-4598-474b-bb40-e659df84aa91.zip?GoogleAccessId=service-406337781613@gcf-admin-robot.iam.gserviceaccount.com&Expires=1597614454&Signature=nOwAGmYpDQ2fgr2sXl2Qxkr8NsJPi5c%2F5F2Xc7RBzFksuSAjV2GOxMmq7532OACLsoku6QC1nvrlyShpVqd24aHh7Q45AeMcCGui8N5X%2FsEYa5XHwXmRm7VpWpPcHYmZsUN1YPQ0l6aeItNQJJNEqzhEd4YKsyAPB9sBAzHra8gLtg78pSCMmAhcNqhauirT98ODUT%2B8RsjGILsHz05GNnJMJGA0lfDu0c56dd2Sg1n3WsnKIxUMmHObRVYR2M%2F10s3EBB8%2F7l5AmNslaXuFa6T4hwNHYi%2FNPcUlcfJtcMtP7ELyQb9CvQvBSKEGhcqyxQKmN1c4LKPNVbE5E7DFmQ%3D%3D","name":"projects/goprestigepower/locations/us-central1/functions/onBuildingUpdated","labels":{"deployment-tool":"cli-firebase"},"eventTrigger":{"resource":"projects/goprestigepower/databases/(default)/documents/buildings/{buildingId}","eventType":"providers/cloud.firestore/eventTypes/document.update","service":"firestore.googleapis.com"},"runtime":"nodejs10","environmentVariables":{"FIREBASE_CONFIG":"{\"projectId\":\"goprestigepower\",\"databaseURL\":\"https://goprestigepower.firebaseio.com\",\"storageBucket\":\"goprestigepower.appspot.com\",\"locationId\":\"us-central\"}"}}
[debug] [2020-08-16T21:17:36.251Z] <<< HTTP RESPONSE 200 {"content-type":"application/json; charset=UTF-8","vary":"X-Origin, Referer, Origin,Accept-Encoding","date":"Sun, 16 Aug 2020 21:17:35 GMT","server":"ESF","cache-control":"private","x-xss-protection":"0","x-frame-options":"SAMEORIGIN","x-content-type-options":"nosniff","alt-svc":"h3-29=\":443\"; ma=2592000,h3-27=\":443\"; ma=2592000,h3-T050=\":443\"; ma=2592000,h3-Q050=\":443\"; ma=2592000,h3-Q046=\":443\"; ma=2592000,h3-Q043=\":443\"; ma=2592000,quic=\":443\"; ma=2592000; v=\"46,43\"","accept-ranges":"none","transfer-encoding":"chunked"}
[debug] [2020-08-16T21:17:36.256Z] >>> HTTP REQUEST GET https://cloudfunctions.googleapis.com/v1/operations/Z29wcmVzdGlnZXBvd2VyL3VzLWNlbnRyYWwxL29uQnVpbGRpbmdVcGRhdGVkL2xCMXl1ZGNtUFBV  
 
[debug] [2020-08-16T21:17:36.538Z] <<< HTTP RESPONSE 200 {"content-type":"application/json; charset=UTF-8","vary":"X-Origin, Referer, Origin,Accept-Encoding","date":"Sun, 16 Aug 2020 21:17:36 GMT","server":"ESF","cache-control":"private","x-xss-protection":"0","x-frame-options":"SAMEORIGIN","x-content-type-options":"nosniff","alt-svc":"h3-29=\":443\"; ma=2592000,h3-27=\":443\"; ma=2592000,h3-T050=\":443\"; ma=2592000,h3-Q050=\":443\"; ma=2592000,h3-Q046=\":443\"; ma=2592000,h3-Q043=\":443\"; ma=2592000,quic=\":443\"; ma=2592000; v=\"46,43\"","accept-ranges":"none","transfer-encoding":"chunked"}
[debug] [2020-08-16T21:17:38.540Z] >>> HTTP REQUEST GET https://cloudfunctions.googleapis.com/v1/operations/Z29wcmVzdGlnZXBvd2VyL3VzLWNlbnRyYWwxL29uQnVpbGRpbmdVcGRhdGVkL2xCMXl1ZGNtUFBV  
 
[debug] [2020-08-16T21:17:38.763Z] <<< HTTP RESPONSE 200 {"content-type":"application/json; charset=UTF-8","vary":"X-Origin, Referer, Origin,Accept-Encoding","date":"Sun, 16 Aug 2020 21:17:38 GMT","server":"ESF","cache-control":"private","x-xss-protection":"0","x-frame-options":"SAMEORIGIN","x-content-type-options":"nosniff","alt-svc":"h3-29=\":443\"; ma=2592000,h3-27=\":443\"; ma=2592000,h3-T050=\":443\"; ma=2592000,h3-Q050=\":443\"; ma=2592000,h3-Q046=\":443\"; ma=2592000,h3-Q043=\":443\"; ma=2592000,quic=\":443\"; ma=2592000; v=\"46,43\"","accept-ranges":"none","transfer-encoding":"chunked"}
[debug] [2020-08-16T21:17:40.764Z] >>> HTTP REQUEST GET https://cloudfunctions.googleapis.com/v1/operations/Z29wcmVzdGlnZXBvd2VyL3VzLWNlbnRyYWwxL29uQnVpbGRpbmdVcGRhdGVkL2xCMXl1ZGNtUFBV  
 
[debug] [2020-08-16T21:17:41.055Z] <<< HTTP RESPONSE 200 {"content-type":"application/json; charset=UTF-8","vary":"X-Origin, Referer, Origin,Accept-Encoding","date":"Sun, 16 Aug 2020 21:17:40 GMT","server":"ESF","cache-control":"private","x-xss-protection":"0","x-frame-options":"SAMEORIGIN","x-content-type-options":"nosniff","alt-svc":"h3-29=\":443\"; ma=2592000,h3-27=\":443\"; ma=2592000,h3-T050=\":443\"; ma=2592000,h3-Q050=\":443\"; ma=2592000,h3-Q046=\":443\"; ma=2592000,h3-Q043=\":443\"; ma=2592000,quic=\":443\"; ma=2592000; v=\"46,43\"","accept-ranges":"none","transfer-encoding":"chunked"}
[debug] [2020-08-16T21:17:43.056Z] >>> HTTP REQUEST GET https://cloudfunctions.googleapis.com/v1/operations/Z29wcmVzdGlnZXBvd2VyL3VzLWNlbnRyYWwxL29uQnVpbGRpbmdVcGRhdGVkL2xCMXl1ZGNtUFBV  
 
[debug] [2020-08-16T21:17:43.269Z] <<< HTTP RESPONSE 200 {"content-type":"application/json; charset=UTF-8","vary":"X-Origin, Referer, Origin,Accept-Encoding","date":"Sun, 16 Aug 2020 21:17:42 GMT","server":"ESF","cache-control":"private","x-xss-protection":"0","x-frame-options":"SAMEORIGIN","x-content-type-options":"nosniff","alt-svc":"h3-29=\":443\"; ma=2592000,h3-27=\":443\"; ma=2592000,h3-T050=\":443\"; ma=2592000,h3-Q050=\":443\"; ma=2592000,h3-Q046=\":443\"; ma=2592000,h3-Q043=\":443\"; ma=2592000,quic=\":443\"; ma=2592000; v=\"46,43\"","accept-ranges":"none","transfer-encoding":"chunked"}
[debug] [2020-08-16T21:17:45.271Z] >>> HTTP REQUEST GET https://cloudfunctions.googleapis.com/v1/operations/Z29wcmVzdGlnZXBvd2VyL3VzLWNlbnRyYWwxL29uQnVpbGRpbmdVcGRhdGVkL2xCMXl1ZGNtUFBV  
 
[debug] [2020-08-16T21:17:45.522Z] <<< HTTP RESPONSE 200 {"content-type":"application/json; charset=UTF-8","vary":"X-Origin, Referer, Origin,Accept-Encoding","date":"Sun, 16 Aug 2020 21:17:45 GMT","server":"ESF","cache-control":"private","x-xss-protection":"0","x-frame-options":"SAMEORIGIN","x-content-type-options":"nosniff","alt-svc":"h3-29=\":443\"; ma=2592000,h3-27=\":443\"; ma=2592000,h3-T050=\":443\"; ma=2592000,h3-Q050=\":443\"; ma=2592000,h3-Q046=\":443\"; ma=2592000,h3-Q043=\":443\"; ma=2592000,quic=\":443\"; ma=2592000; v=\"46,43\"","accept-ranges":"none","transfer-encoding":"chunked"}
